<?xml version="1.0" encoding="UTF-8"?>
<!-- Generated by org.testng.reporters.JUnitReportReporter -->
<testsuite hostname="MSI-Modern-A5M" failures="0" tests="3" name="test_case.SearchTest" time="3.931" errors="0" timestamp="2023-10-18T23:03:42 BDT" skipped="0">
  <testcase classname="test_case.SearchTest" name="TitleTest" time="3.322"/>
  <testcase classname="test_case.SearchTest" name="HidesearchLocation" time="0.276"/>
  <testcase classname="test_case.SearchTest" name="UnhideSearchLocation" time="0.333"/>
</testsuite> <!-- test_case.SearchTest -->
